{"name":"Test04: Build your own computer in nopCommerce","status":"failed","statusDetails":{"known":false,"muted":false,"flaky":false,"message":"expected [$1,460.00] but found [$1,360.00]","trace":"java.lang.AssertionError: expected [$1,460.00] but found [$1,360.00]\r\n\tat org.testng.Assert.fail(Assert.java:96)\r\n\tat org.testng.Assert.failNotEquals(Assert.java:776)\r\n\tat org.testng.Assert.assertEqualsImpl(Assert.java:137)\r\n\tat org.testng.Assert.assertEquals(Assert.java:118)\r\n\tat org.testng.Assert.assertEquals(Assert.java:453)\r\n\tat org.testng.Assert.assertEquals(Assert.java:463)\r\n\tat Extensions.verifications.textInElement(verifications.java:29)\r\n\tat SanityTests.nopCommerceWeb.TC04_BuildComputer(nopCommerceWeb.java:50)\r\n\tat sun.reflect.NativeMethodAccessorImpl.invoke0(Native Method)\r\n\tat sun.reflect.NativeMethodAccessorImpl.invoke(NativeMethodAccessorImpl.java:62)\r\n\tat sun.reflect.DelegatingMethodAccessorImpl.invoke(DelegatingMethodAccessorImpl.java:43)\r\n\tat java.lang.reflect.Method.invoke(Method.java:498)\r\n\tat org.testng.internal.MethodInvocationHelper.invokeMethod(MethodInvocationHelper.java:124)\r\n\tat org.testng.internal.Invoker.invokeMethod(Invoker.java:583)\r\n\tat org.testng.internal.Invoker.invokeTestMethod(Invoker.java:719)\r\n\tat org.testng.internal.Invoker.invokeTestMethods(Invoker.java:989)\r\n\tat org.testng.internal.TestMethodWorker.invokeTestMethods(TestMethodWorker.java:125)\r\n\tat org.testng.internal.TestMethodWorker.run(TestMethodWorker.java:109)\r\n\tat org.testng.TestRunner.privateRun(TestRunner.java:648)\r\n\tat org.testng.TestRunner.run(TestRunner.java:505)\r\n\tat org.testng.SuiteRunner.runTest(SuiteRunner.java:455)\r\n\tat org.testng.SuiteRunner.runSequentially(SuiteRunner.java:450)\r\n\tat org.testng.SuiteRunner.privateRun(SuiteRunner.java:415)\r\n\tat org.testng.SuiteRunner.run(SuiteRunner.java:364)\r\n\tat org.testng.SuiteRunnerWorker.runSuite(SuiteRunnerWorker.java:52)\r\n\tat org.testng.SuiteRunnerWorker.run(SuiteRunnerWorker.java:84)\r\n\tat org.testng.TestNG.runSuitesSequentially(TestNG.java:1208)\r\n\tat org.testng.TestNG.runSuitesLocally(TestNG.java:1137)\r\n\tat org.testng.TestNG.runSuites(TestNG.java:1049)\r\n\tat org.testng.TestNG.run(TestNG.java:1017)\r\n\tat com.intellij.rt.testng.IDEARemoteTestNG.run(IDEARemoteTestNG.java:66)\r\n\tat com.intellij.rt.testng.RemoteTestNGStarter.main(RemoteTestNGStarter.java:110)\r\n"},"stage":"finished","description":"Test Description: Build your own computer in nopCommerce Web Application","steps":[{"name":"Building Computer nopCommerce Flow","status":"passed","stage":"finished","steps":[{"name":"Mouse Hover to Element","status":"passed","stage":"finished","steps":[],"attachments":[],"parameters":[{"name":"elem1","value":"[[ChromeDriver: chrome on XP (cb763f138e7c6242bc06612a8e9613db)] -> xpath: /html/body/div[6]/div[2]/ul[1]/li[1]]"},{"name":"elem2","value":"[[ChromeDriver: chrome on XP (cb763f138e7c6242bc06612a8e9613db)] -> css selector: a[href='/desktops']"}],"start":1620318234229,"stop":1620318235013},{"name":"Click on Element","status":"passed","stage":"finished","steps":[],"attachments":[],"parameters":[{"name":"elem","value":"[[ChromeDriver: chrome on XP (cb763f138e7c6242bc06612a8e9613db)] -> xpath: /html/body/div[6]/div[3]/div/div[3]/div/div[2]/div[2]/div[2]/div/div/div[1]/div/div[1]/a/img]"}],"start":1620318238067,"stop":1620318239008},{"name":"Update DropDown Field","status":"passed","stage":"finished","steps":[],"attachments":[],"parameters":[{"name":"elem","value":"[[ChromeDriver: chrome on XP (cb763f138e7c6242bc06612a8e9613db)] -> xpath: //*[@id=\"product_attribute_1\"]]"},{"name":"value","value":"2.2 GHz Intel Pentium Dual-Core E2200"}],"start":1620318242065,"stop":1620318242227},{"name":"Update DropDown Field","status":"passed","stage":"finished","steps":[],"attachments":[],"parameters":[{"name":"elem","value":"[[ChromeDriver: chrome on XP (cb763f138e7c6242bc06612a8e9613db)] -> css selector: select[name=\"product_attribute_2\"]]"},{"name":"value","value":"8GB [+$60.00]"}],"start":1620318242247,"stop":1620318242496},{"name":"Click on Element","status":"passed","stage":"finished","steps":[],"attachments":[],"parameters":[{"name":"elem","value":"[[ChromeDriver: chrome on XP (cb763f138e7c6242bc06612a8e9613db)] -> css selector: input[id=\"product_attribute_3_7\"]]"}],"start":1620318242518,"stop":1620318242629},{"name":"Click on Element","status":"passed","stage":"finished","steps":[],"attachments":[],"parameters":[{"name":"elem","value":"[[ChromeDriver: chrome on XP (cb763f138e7c6242bc06612a8e9613db)] -> css selector: input[id=\"product_attribute_4_9\"]]"}],"start":1620318242643,"stop":1620318242757},{"name":"Click on Element","status":"passed","stage":"finished","steps":[],"attachments":[],"parameters":[{"name":"elem","value":"[[ChromeDriver: chrome on XP (cb763f138e7c6242bc06612a8e9613db)] -> css selector: input[id=\"product_attribute_5_12\"]]"}],"start":1620318242770,"stop":1620318242878}],"attachments":[],"parameters":[],"start":1620318234201,"stop":1620318242879},{"name":"Verify Text in Element","status":"failed","statusDetails":{"known":false,"muted":false,"flaky":false,"message":"expected [$1,460.00] but found [$1,360.00]","trace":"java.lang.AssertionError: expected [$1,460.00] but found [$1,360.00]\r\n\tat org.testng.Assert.fail(Assert.java:96)\r\n\tat org.testng.Assert.failNotEquals(Assert.java:776)\r\n\tat org.testng.Assert.assertEqualsImpl(Assert.java:137)\r\n\tat org.testng.Assert.assertEquals(Assert.java:118)\r\n\tat org.testng.Assert.assertEquals(Assert.java:453)\r\n\tat org.testng.Assert.assertEquals(Assert.java:463)\r\n\tat Extensions.verifications.textInElement(verifications.java:29)\r\n\tat SanityTests.nopCommerceWeb.TC04_BuildComputer(nopCommerceWeb.java:50)\r\n\tat sun.reflect.NativeMethodAccessorImpl.invoke0(Native Method)\r\n\tat sun.reflect.NativeMethodAccessorImpl.invoke(NativeMethodAccessorImpl.java:62)\r\n\tat sun.reflect.DelegatingMethodAccessorImpl.invoke(DelegatingMethodAccessorImpl.java:43)\r\n\tat java.lang.reflect.Method.invoke(Method.java:498)\r\n\tat org.testng.internal.MethodInvocationHelper.invokeMethod(MethodInvocationHelper.java:124)\r\n\tat org.testng.internal.Invoker.invokeMethod(Invoker.java:583)\r\n\tat org.testng.internal.Invoker.invokeTestMethod(Invoker.java:719)\r\n\tat org.testng.internal.Invoker.invokeTestMethods(Invoker.java:989)\r\n\tat org.testng.internal.TestMethodWorker.invokeTestMethods(TestMethodWorker.java:125)\r\n\tat org.testng.internal.TestMethodWorker.run(TestMethodWorker.java:109)\r\n\tat org.testng.TestRunner.privateRun(TestRunner.java:648)\r\n\tat org.testng.TestRunner.run(TestRunner.java:505)\r\n\tat org.testng.SuiteRunner.runTest(SuiteRunner.java:455)\r\n\tat org.testng.SuiteRunner.runSequentially(SuiteRunner.java:450)\r\n\tat org.testng.SuiteRunner.privateRun(SuiteRunner.java:415)\r\n\tat org.testng.SuiteRunner.run(SuiteRunner.java:364)\r\n\tat org.testng.SuiteRunnerWorker.runSuite(SuiteRunnerWorker.java:52)\r\n\tat org.testng.SuiteRunnerWorker.run(SuiteRunnerWorker.java:84)\r\n\tat org.testng.TestNG.runSuitesSequentially(TestNG.java:1208)\r\n\tat org.testng.TestNG.runSuitesLocally(TestNG.java:1137)\r\n\tat org.testng.TestNG.runSuites(TestNG.java:1049)\r\n\tat org.testng.TestNG.run(TestNG.java:1017)\r\n\tat com.intellij.rt.testng.IDEARemoteTestNG.run(IDEARemoteTestNG.java:66)\r\n\tat com.intellij.rt.testng.RemoteTestNGStarter.main(RemoteTestNGStarter.java:110)\r\n"},"stage":"finished","steps":[],"attachments":[],"parameters":[{"name":"elem","value":"[[ChromeDriver: chrome on XP (cb763f138e7c6242bc06612a8e9613db)] -> css selector: span[id=price-value-1]]"},{"name":"expectedValue","value":"$1,460.00"}],"start":1620318242892,"stop":1620318242959}],"attachments":[{"name":"Page Screen-Shot","source":"04ba5ade-17ea-4158-919f-030e12785e2f-attachment","type":"image/png"}],"parameters":[],"start":1620318234201,"stop":1620318243808,"uuid":"8cc66559-1cc6-4490-b400-d33f045fe042","historyId":"521b12434d0ad82724a468ba1311f336","fullName":"SanityTests.nopCommerceWeb.TC04_BuildComputer","labels":[{"name":"package","value":"SanityTests.nopCommerceWeb"},{"name":"testClass","value":"SanityTests.nopCommerceWeb"},{"name":"testMethod","value":"TC04_BuildComputer"},{"name":"parentSuite","value":"Default Suite"},{"name":"suite","value":"FullStackAutomation"},{"name":"subSuite","value":"SanityTests.nopCommerceWeb"},{"name":"host","value":"DESKTOP-UUH6II4"},{"name":"thread","value":"13888@DESKTOP-UUH6II4.main(1)"},{"name":"framework","value":"testng"},{"name":"language","value":"java"}],"links":[]}