{"name":"Test01: Verify Mortgage","status":"failed","statusDetails":{"known":false,"muted":false,"flaky":false,"message":"expected [£30.03] but found []","trace":"java.lang.AssertionError: expected [£30.03] but found []\r\n\tat org.testng.Assert.fail(Assert.java:96)\r\n\tat org.testng.Assert.failNotEquals(Assert.java:776)\r\n\tat org.testng.Assert.assertEqualsImpl(Assert.java:137)\r\n\tat org.testng.Assert.assertEquals(Assert.java:118)\r\n\tat org.testng.Assert.assertEquals(Assert.java:453)\r\n\tat org.testng.Assert.assertEquals(Assert.java:463)\r\n\tat Extensions.verifications.textInElement(verifications.java:26)\r\n\tat SanityTests.mortgageMobile.TC01_VerifyRepayment(mortgageMobile.java:18)\r\n\tat sun.reflect.NativeMethodAccessorImpl.invoke0(Native Method)\r\n\tat sun.reflect.NativeMethodAccessorImpl.invoke(NativeMethodAccessorImpl.java:62)\r\n\tat sun.reflect.DelegatingMethodAccessorImpl.invoke(DelegatingMethodAccessorImpl.java:43)\r\n\tat java.lang.reflect.Method.invoke(Method.java:498)\r\n\tat org.testng.internal.MethodInvocationHelper.invokeMethod(MethodInvocationHelper.java:124)\r\n\tat org.testng.internal.Invoker.invokeMethod(Invoker.java:583)\r\n\tat org.testng.internal.Invoker.invokeTestMethod(Invoker.java:719)\r\n\tat org.testng.internal.Invoker.invokeTestMethods(Invoker.java:989)\r\n\tat org.testng.internal.TestMethodWorker.invokeTestMethods(TestMethodWorker.java:125)\r\n\tat org.testng.internal.TestMethodWorker.run(TestMethodWorker.java:109)\r\n\tat org.testng.TestRunner.privateRun(TestRunner.java:648)\r\n\tat org.testng.TestRunner.run(TestRunner.java:505)\r\n\tat org.testng.SuiteRunner.runTest(SuiteRunner.java:455)\r\n\tat org.testng.SuiteRunner.runSequentially(SuiteRunner.java:450)\r\n\tat org.testng.SuiteRunner.privateRun(SuiteRunner.java:415)\r\n\tat org.testng.SuiteRunner.run(SuiteRunner.java:364)\r\n\tat org.testng.SuiteRunnerWorker.runSuite(SuiteRunnerWorker.java:52)\r\n\tat org.testng.SuiteRunnerWorker.run(SuiteRunnerWorker.java:84)\r\n\tat org.testng.TestNG.runSuitesSequentially(TestNG.java:1208)\r\n\tat org.testng.TestNG.runSuitesLocally(TestNG.java:1137)\r\n\tat org.testng.TestNG.runSuites(TestNG.java:1049)\r\n\tat org.testng.TestNG.run(TestNG.java:1017)\r\n\tat com.intellij.rt.testng.IDEARemoteTestNG.run(IDEARemoteTestNG.java:66)\r\n\tat com.intellij.rt.testng.RemoteTestNGStarter.main(RemoteTestNGStarter.java:110)\r\n"},"stage":"finished","description":"Test Description: Fill in Mortgage fields and calculate Repayment","steps":[{"name":"Fill in Form and Calculate","status":"passed","stage":"finished","steps":[{"name":"Send Text to Text-Field","status":"passed","stage":"finished","steps":[],"attachments":[],"parameters":[{"name":"elem","value":"[[RemoteWebDriver:  on ANDROID (56172091-0a28-4310-bd0e-89667967945f)] -> id: etAmount]"},{"name":"value","value":"1000"}],"start":1604472590844,"stop":1604472591226},{"name":"Send Text to Text-Field","status":"passed","stage":"finished","steps":[],"attachments":[],"parameters":[{"name":"elem","value":"[[RemoteWebDriver:  on ANDROID (56172091-0a28-4310-bd0e-89667967945f)] -> id: etTerm]"},{"name":"value","value":"3"}],"start":1604472591802,"stop":1604472592033},{"name":"Send Text to Text-Field","status":"passed","stage":"finished","steps":[],"attachments":[],"parameters":[{"name":"elem","value":"[[RemoteWebDriver:  on ANDROID (56172091-0a28-4310-bd0e-89667967945f)] -> id: etRate]"},{"name":"value","value":"4"}],"start":1604472592717,"stop":1604472593003},{"name":"Click on Element","status":"passed","stage":"finished","steps":[],"attachments":[],"parameters":[{"name":"elem","value":"[[RemoteWebDriver:  on ANDROID (56172091-0a28-4310-bd0e-89667967945f)] -> id: btnCalculate]"}],"start":1604472593673,"stop":1604472593946}],"attachments":[],"parameters":[{"name":"amount","value":"1000"},{"name":"term","value":"3"},{"name":"rate","value":"4"}],"start":1604472590500,"stop":1604472593946},{"name":"Verify Text in Element","status":"failed","statusDetails":{"known":false,"muted":false,"flaky":false,"message":"expected [£30.03] but found []","trace":"java.lang.AssertionError: expected [£30.03] but found []\r\n\tat org.testng.Assert.fail(Assert.java:96)\r\n\tat org.testng.Assert.failNotEquals(Assert.java:776)\r\n\tat org.testng.Assert.assertEqualsImpl(Assert.java:137)\r\n\tat org.testng.Assert.assertEquals(Assert.java:118)\r\n\tat org.testng.Assert.assertEquals(Assert.java:453)\r\n\tat org.testng.Assert.assertEquals(Assert.java:463)\r\n\tat Extensions.verifications.textInElement(verifications.java:26)\r\n\tat SanityTests.mortgageMobile.TC01_VerifyRepayment(mortgageMobile.java:18)\r\n\tat sun.reflect.NativeMethodAccessorImpl.invoke0(Native Method)\r\n\tat sun.reflect.NativeMethodAccessorImpl.invoke(NativeMethodAccessorImpl.java:62)\r\n\tat sun.reflect.DelegatingMethodAccessorImpl.invoke(DelegatingMethodAccessorImpl.java:43)\r\n\tat java.lang.reflect.Method.invoke(Method.java:498)\r\n\tat org.testng.internal.MethodInvocationHelper.invokeMethod(MethodInvocationHelper.java:124)\r\n\tat org.testng.internal.Invoker.invokeMethod(Invoker.java:583)\r\n\tat org.testng.internal.Invoker.invokeTestMethod(Invoker.java:719)\r\n\tat org.testng.internal.Invoker.invokeTestMethods(Invoker.java:989)\r\n\tat org.testng.internal.TestMethodWorker.invokeTestMethods(TestMethodWorker.java:125)\r\n\tat org.testng.internal.TestMethodWorker.run(TestMethodWorker.java:109)\r\n\tat org.testng.TestRunner.privateRun(TestRunner.java:648)\r\n\tat org.testng.TestRunner.run(TestRunner.java:505)\r\n\tat org.testng.SuiteRunner.runTest(SuiteRunner.java:455)\r\n\tat org.testng.SuiteRunner.runSequentially(SuiteRunner.java:450)\r\n\tat org.testng.SuiteRunner.privateRun(SuiteRunner.java:415)\r\n\tat org.testng.SuiteRunner.run(SuiteRunner.java:364)\r\n\tat org.testng.SuiteRunnerWorker.runSuite(SuiteRunnerWorker.java:52)\r\n\tat org.testng.SuiteRunnerWorker.run(SuiteRunnerWorker.java:84)\r\n\tat org.testng.TestNG.runSuitesSequentially(TestNG.java:1208)\r\n\tat org.testng.TestNG.runSuitesLocally(TestNG.java:1137)\r\n\tat org.testng.TestNG.runSuites(TestNG.java:1049)\r\n\tat org.testng.TestNG.run(TestNG.java:1017)\r\n\tat com.intellij.rt.testng.IDEARemoteTestNG.run(IDEARemoteTestNG.java:66)\r\n\tat com.intellij.rt.testng.RemoteTestNGStarter.main(RemoteTestNGStarter.java:110)\r\n"},"stage":"finished","steps":[],"attachments":[],"parameters":[{"name":"elem","value":"[[RemoteWebDriver:  on ANDROID (56172091-0a28-4310-bd0e-89667967945f)] -> id: tvRepayment]"},{"name":"expectedValue","value":"£30.03"}],"start":1604472594833,"stop":1604472595202}],"attachments":[],"parameters":[],"start":1604472590392,"stop":1604472595216,"uuid":"8ce8a0f7-5e34-439e-906f-ce9be414e11c","historyId":"d1e80d6fc18576fd3889cb73d5f1da50","fullName":"SanityTests.mortgageMobile.TC01_VerifyRepayment","labels":[{"name":"package","value":"SanityTests.mortgageMobile"},{"name":"testClass","value":"SanityTests.mortgageMobile"},{"name":"testMethod","value":"TC01_VerifyRepayment"},{"name":"parentSuite","value":"Default Suite"},{"name":"suite","value":"FullStackAutomation"},{"name":"subSuite","value":"SanityTests.mortgageMobile"},{"name":"host","value":"DESKTOP-UUH6II4"},{"name":"thread","value":"14920@DESKTOP-UUH6II4.main(1)"},{"name":"framework","value":"testng"},{"name":"language","value":"java"}],"links":[]}